<?xml version="1.0" encoding="UTF-8"?>
<coverage generated="1573946565817" clover="3.2.0">
  <project timestamp="1573946565817" name="All files">
    <metrics statements="3" coveredstatements="3" conditionals="4" coveredconditionals="4" methods="2" coveredmethods="2" elements="9" coveredelements="9" complexity="0" loc="3" ncloc="3" packages="1" files="1" classes="1"/>
    <file name="index.js" path="/home/giuseppemp/projects/meta/localiza/src/sprint-4/tdd/src/calculator/index.js">
      <metrics statements="3" coveredstatements="3" conditionals="4" coveredconditionals="4" methods="2" coveredmethods="2"/>
      <line num="1" count="7" type="cond" truecount="2" falsecount="0"/>
      <line num="10" count="7" type="cond" truecount="2" falsecount="0"/>
      <line num="12" count="2" type="stmt"/>
    </file>
  </project>
</coverage>
