<?xml version="1.0" encoding="UTF-8"?>
<coverage generated="1573947240916" clover="3.2.0">
  <project timestamp="1573947240916" name="All files">
    <metrics statements="5" coveredstatements="5" conditionals="4" coveredconditionals="4" methods="3" coveredmethods="3" elements="12" coveredelements="12" complexity="0" loc="5" ncloc="5" packages="1" files="1" classes="1"/>
    <file name="index.js" path="/home/giuseppemp/projects/meta/localiza/src/sprint-4/tdd/src/calculator/index.js">
      <metrics statements="5" coveredstatements="5" conditionals="4" coveredconditionals="4" methods="3" coveredmethods="3"/>
      <line num="1" count="7" type="cond" truecount="2" falsecount="0"/>
      <line num="10" count="7" type="cond" truecount="2" falsecount="0"/>
      <line num="19" count="3" type="stmt"/>
      <line num="20" count="1" type="stmt"/>
      <line num="23" count="3" type="stmt"/>
    </file>
  </project>
</coverage>
