{"/home/giuseppemp/projects/meta/localiza/src/sprint-4/tdd/src/calculator/index.js": {"path":"/home/giuseppemp/projects/meta/localiza/src/sprint-4/tdd/src/calculator/index.js","statementMap":{"0":{"start":{"line":8,"column":20},"end":{"line":8,"column":43}},"1":{"start":{"line":8,"column":38},"end":{"line":8,"column":43}},"2":{"start":{"line":17,"column":17},"end":{"line":17,"column":40}},"3":{"start":{"line":17,"column":35},"end":{"line":17,"column":40}},"4":{"start":{"line":26,"column":17},"end":{"line":29,"column":1}},"5":{"start":{"line":27,"column":2},"end":{"line":27,"column":76}},"6":{"start":{"line":27,"column":15},"end":{"line":27,"column":76}},"7":{"start":{"line":28,"column":2},"end":{"line":28,"column":14}},"8":{"start":{"line":31,"column":23},"end":{"line":33,"column":1}},"9":{"start":{"line":32,"column":2},"end":{"line":32,"column":14}},"10":{"start":{"line":35,"column":0},"end":{"line":40,"column":1}}},"fnMap":{"0":{"name":"(anonymous_0)","decl":{"start":{"line":8,"column":20},"end":{"line":8,"column":21}},"loc":{"start":{"line":8,"column":38},"end":{"line":8,"column":43}},"line":8},"1":{"name":"(anonymous_1)","decl":{"start":{"line":17,"column":17},"end":{"line":17,"column":18}},"loc":{"start":{"line":17,"column":35},"end":{"line":17,"column":40}},"line":17},"2":{"name":"(anonymous_2)","decl":{"start":{"line":26,"column":17},"end":{"line":26,"column":18}},"loc":{"start":{"line":26,"column":35},"end":{"line":29,"column":1}},"line":26},"3":{"name":"(anonymous_3)","decl":{"start":{"line":31,"column":23},"end":{"line":31,"column":24}},"loc":{"start":{"line":31,"column":33},"end":{"line":33,"column":1}},"line":31}},"branchMap":{"0":{"loc":{"start":{"line":8,"column":21},"end":{"line":8,"column":26}},"type":"default-arg","locations":[{"start":{"line":8,"column":25},"end":{"line":8,"column":26}}],"line":8},"1":{"loc":{"start":{"line":8,"column":28},"end":{"line":8,"column":33}},"type":"default-arg","locations":[{"start":{"line":8,"column":32},"end":{"line":8,"column":33}}],"line":8},"2":{"loc":{"start":{"line":17,"column":18},"end":{"line":17,"column":23}},"type":"default-arg","locations":[{"start":{"line":17,"column":22},"end":{"line":17,"column":23}}],"line":17},"3":{"loc":{"start":{"line":17,"column":25},"end":{"line":17,"column":30}},"type":"default-arg","locations":[{"start":{"line":17,"column":29},"end":{"line":17,"column":30}}],"line":17},"4":{"loc":{"start":{"line":26,"column":18},"end":{"line":26,"column":23}},"type":"default-arg","locations":[{"start":{"line":26,"column":22},"end":{"line":26,"column":23}}],"line":26},"5":{"loc":{"start":{"line":26,"column":25},"end":{"line":26,"column":30}},"type":"default-arg","locations":[{"start":{"line":26,"column":29},"end":{"line":26,"column":30}}],"line":26},"6":{"loc":{"start":{"line":27,"column":2},"end":{"line":27,"column":76}},"type":"if","locations":[{"start":{"line":27,"column":2},"end":{"line":27,"column":76}},{"start":{"line":27,"column":2},"end":{"line":27,"column":76}}],"line":27}},"s":{"0":4,"1":7,"2":4,"3":7,"4":4,"5":12,"6":2,"7":10,"8":4,"9":1,"10":4},"f":{"0":7,"1":7,"2":12,"3":1},"b":{"0":[3],"1":[2],"2":[1],"3":[1],"4":[1],"5":[1],"6":[2,10]},"_coverageSchema":"43e27e138ebf9cfc5966b082cf9a028302ed4184","hash":"084ad791a82d58b99858e6454dc127ba43a1e382"}
}
