{"/home/giuseppemp/projects/meta/localiza/src/sprint-4/tdd/src/calculator/index.js": {"path":"/home/giuseppemp/projects/meta/localiza/src/sprint-4/tdd/src/calculator/index.js","statementMap":{"0":{"start":{"line":1,"column":20},"end":{"line":1,"column":43}},"1":{"start":{"line":1,"column":38},"end":{"line":1,"column":43}},"2":{"start":{"line":10,"column":17},"end":{"line":10,"column":40}},"3":{"start":{"line":10,"column":35},"end":{"line":10,"column":40}},"4":{"start":{"line":12,"column":0},"end":{"line":15,"column":1}}},"fnMap":{"0":{"name":"(anonymous_0)","decl":{"start":{"line":1,"column":20},"end":{"line":1,"column":21}},"loc":{"start":{"line":1,"column":38},"end":{"line":1,"column":43}},"line":1},"1":{"name":"(anonymous_1)","decl":{"start":{"line":10,"column":17},"end":{"line":10,"column":18}},"loc":{"start":{"line":10,"column":35},"end":{"line":10,"column":40}},"line":10}},"branchMap":{"0":{"loc":{"start":{"line":1,"column":21},"end":{"line":1,"column":26}},"type":"default-arg","locations":[{"start":{"line":1,"column":25},"end":{"line":1,"column":26}}],"line":1},"1":{"loc":{"start":{"line":1,"column":28},"end":{"line":1,"column":33}},"type":"default-arg","locations":[{"start":{"line":1,"column":32},"end":{"line":1,"column":33}}],"line":1},"2":{"loc":{"start":{"line":10,"column":18},"end":{"line":10,"column":23}},"type":"default-arg","locations":[{"start":{"line":10,"column":22},"end":{"line":10,"column":23}}],"line":10},"3":{"loc":{"start":{"line":10,"column":25},"end":{"line":10,"column":30}},"type":"default-arg","locations":[{"start":{"line":10,"column":29},"end":{"line":10,"column":30}}],"line":10}},"s":{"0":2,"1":7,"2":2,"3":7,"4":2},"f":{"0":7,"1":7},"b":{"0":[3],"1":[2],"2":[1],"3":[1]},"_coverageSchema":"43e27e138ebf9cfc5966b082cf9a028302ed4184","hash":"2b7f9e65fbd063a65f5f2f5627e4aabbef1e59ff"}
}
